<?xml version="1.0" encoding="UTF-8"?>
<testng-results ignored="0" total="2" passed="0" failed="1" skipped="1">
  <reporter-output>
  </reporter-output>
  <suite started-at="2023-10-17T14:41:46 IST" name="Default suite" finished-at="2023-10-17T14:41:46 IST" duration-ms="52">
    <groups>
    </groups>
    <test started-at="2023-10-17T14:41:46 IST" name="Default test" finished-at="2023-10-17T14:41:46 IST" duration-ms="52">
      <class name="listener.TestClass">
        <test-method is-config="true" signature="SuiteConfig()[pri:0, instance:listener.TestClass@7ce69770]" started-at="2023-10-17T14:41:46 IST" name="SuiteConfig" finished-at="2023-10-17T14:41:46 IST" duration-ms="7" status="PASS">
          <reporter-output>
          </reporter-output>
        </test-method> <!-- SuiteConfig -->
        <test-method is-config="true" signature="testConfig()[pri:0, instance:listener.TestClass@7ce69770]" started-at="2023-10-17T14:41:46 IST" name="testConfig" finished-at="2023-10-17T14:41:46 IST" duration-ms="1" status="PASS">
          <reporter-output>
          </reporter-output>
        </test-method> <!-- testConfig -->
        <test-method is-config="true" signature="ClassConfig()[pri:0, instance:listener.TestClass@7ce69770]" started-at="2023-10-17T14:41:46 IST" name="ClassConfig" finished-at="2023-10-17T14:41:46 IST" duration-ms="1" status="PASS">
          <reporter-output>
          </reporter-output>
        </test-method> <!-- ClassConfig -->
        <test-method is-config="true" signature="MethodConfig()[pri:0, instance:listener.TestClass@7ce69770]" started-at="2023-10-17T14:41:46 IST" name="MethodConfig" finished-at="2023-10-17T14:41:46 IST" duration-ms="0" status="PASS">
          <reporter-output>
          </reporter-output>
        </test-method> <!-- MethodConfig -->
        <test-method signature="test0()[pri:0, instance:listener.TestClass@7ce69770]" started-at="2023-10-17T14:41:46 IST" name="test0" finished-at="2023-10-17T14:41:46 IST" duration-ms="7" status="FAIL">
          <exception class="java.lang.AssertionError">
            <message>
              <![CDATA[null]]>
            </message>
            <full-stacktrace>
              <![CDATA[java.lang.AssertionError: null
at org.testng.Assert.fail(Assert.java:111)
at org.testng.Assert.fail(Assert.java:116)
at listener.TestClass.test0(TestClass.java:11)
at java.base/jdk.internal.reflect.NativeMethodAccessorImpl.invoke0(Native Method)
at java.base/jdk.internal.reflect.NativeMethodAccessorImpl.invoke(NativeMethodAccessorImpl.java:77)
at java.base/jdk.internal.reflect.DelegatingMethodAccessorImpl.invoke(DelegatingMethodAccessorImpl.java:43)
at java.base/java.lang.reflect.Method.invoke(Method.java:568)
at org.testng.internal.invokers.MethodInvocationHelper.invokeMethod(MethodInvocationHelper.java:139)
at org.testng.internal.invokers.TestInvoker.invokeMethod(TestInvoker.java:664)
at org.testng.internal.invokers.TestInvoker.invokeTestMethod(TestInvoker.java:227)
at org.testng.internal.invokers.MethodRunner.runInSequence(MethodRunner.java:50)
at org.testng.internal.invokers.TestInvoker$MethodInvocationAgent.invoke(TestInvoker.java:957)
at org.testng.internal.invokers.TestInvoker.invokeTestMethods(TestInvoker.java:200)
at org.testng.internal.invokers.TestMethodWorker.invokeTestMethods(TestMethodWorker.java:148)
at org.testng.internal.invokers.TestMethodWorker.run(TestMethodWorker.java:128)
at java.base/java.util.ArrayList.forEach(ArrayList.java:1511)
at org.testng.TestRunner.privateRun(TestRunner.java:848)
at org.testng.TestRunner.run(TestRunner.java:621)
at org.testng.SuiteRunner.runTest(SuiteRunner.java:443)
at org.testng.SuiteRunner.runSequentially(SuiteRunner.java:437)
at org.testng.SuiteRunner.privateRun(SuiteRunner.java:397)
at org.testng.SuiteRunner.run(SuiteRunner.java:336)
at org.testng.SuiteRunnerWorker.runSuite(SuiteRunnerWorker.java:52)
at org.testng.SuiteRunnerWorker.run(SuiteRunnerWorker.java:95)
at org.testng.TestNG.runSuitesSequentially(TestNG.java:1280)
at org.testng.TestNG.runSuitesLocally(TestNG.java:1200)
at org.testng.TestNG.runSuites(TestNG.java:1114)
at org.testng.TestNG.run(TestNG.java:1082)
at org.testng.remote.AbstractRemoteTestNG.run(AbstractRemoteTestNG.java:115)
at org.testng.remote.RemoteTestNG.initAndRun(RemoteTestNG.java:251)
at org.testng.remote.RemoteTestNG.main(RemoteTestNG.java:77)
]]>
            </full-stacktrace>
          </exception> <!-- java.lang.AssertionError -->
          <reporter-output>
          </reporter-output>
        </test-method> <!-- test0 -->
        <test-method is-config="true" signature="methodTearDown()[pri:0, instance:listener.TestClass@7ce69770]" started-at="2023-10-17T14:41:46 IST" name="methodTearDown" finished-at="2023-10-17T14:41:46 IST" duration-ms="1" status="PASS">
          <reporter-output>
          </reporter-output>
        </test-method> <!-- methodTearDown -->
        <test-method signature="test1()[pri:0, instance:listener.TestClass@7ce69770]" started-at="2023-10-17T14:41:46 IST" name="test1" finished-at="2023-10-17T14:41:46 IST" depends-on-methods="listener.TestClass.test0" duration-ms="0" status="SKIP">
          <exception class="java.lang.Throwable">
            <message>
              <![CDATA[Method listener.TestClass.test1() on instance listener.TestClass@7ce69770 depends on not successfully finished methods 
[listener.TestClass.test0() on instance listener.TestClass@7ce69770]]]>
            </message>
            <full-stacktrace>
              <![CDATA[java.lang.Throwable: Method listener.TestClass.test1() on instance listener.TestClass@7ce69770 depends on not successfully finished methods 
[listener.TestClass.test0() on instance listener.TestClass@7ce69770]
at org.testng.internal.invokers.TestInvoker.invokeTestMethods(TestInvoker.java:156)
at org.testng.internal.invokers.TestMethodWorker.invokeTestMethods(TestMethodWorker.java:148)
at org.testng.internal.invokers.TestMethodWorker.run(TestMethodWorker.java:128)
at java.base/java.util.ArrayList.forEach(ArrayList.java:1511)
at org.testng.TestRunner.privateRun(TestRunner.java:848)
at org.testng.TestRunner.run(TestRunner.java:621)
at org.testng.SuiteRunner.runTest(SuiteRunner.java:443)
at org.testng.SuiteRunner.runSequentially(SuiteRunner.java:437)
at org.testng.SuiteRunner.privateRun(SuiteRunner.java:397)
at org.testng.SuiteRunner.run(SuiteRunner.java:336)
at org.testng.SuiteRunnerWorker.runSuite(SuiteRunnerWorker.java:52)
at org.testng.SuiteRunnerWorker.run(SuiteRunnerWorker.java:95)
at org.testng.TestNG.runSuitesSequentially(TestNG.java:1280)
at org.testng.TestNG.runSuitesLocally(TestNG.java:1200)
at org.testng.TestNG.runSuites(TestNG.java:1114)
at org.testng.TestNG.run(TestNG.java:1082)
at org.testng.remote.AbstractRemoteTestNG.run(AbstractRemoteTestNG.java:115)
at org.testng.remote.RemoteTestNG.initAndRun(RemoteTestNG.java:251)
at org.testng.remote.RemoteTestNG.main(RemoteTestNG.java:77)
]]>
            </full-stacktrace>
          </exception> <!-- java.lang.Throwable -->
          <reporter-output>
          </reporter-output>
        </test-method> <!-- test1 -->
        <test-method is-config="true" signature="classTeaeDown()[pri:0, instance:listener.TestClass@7ce69770]" started-at="2023-10-17T14:41:46 IST" name="classTeaeDown" finished-at="2023-10-17T14:41:46 IST" duration-ms="0" status="PASS">
          <reporter-output>
          </reporter-output>
        </test-method> <!-- classTeaeDown -->
        <test-method is-config="true" signature="TestTeaeDown()[pri:0, instance:listener.TestClass@7ce69770]" started-at="2023-10-17T14:41:46 IST" name="TestTeaeDown" finished-at="2023-10-17T14:41:46 IST" duration-ms="1" status="PASS">
          <reporter-output>
          </reporter-output>
        </test-method> <!-- TestTeaeDown -->
        <test-method is-config="true" signature="suiteTearDown()[pri:0, instance:listener.TestClass@7ce69770]" started-at="2023-10-17T14:41:46 IST" name="suiteTearDown" finished-at="2023-10-17T14:41:46 IST" duration-ms="1" status="PASS">
          <reporter-output>
          </reporter-output>
        </test-method> <!-- suiteTearDown -->
      </class> <!-- listener.TestClass -->
    </test> <!-- Default test -->
  </suite> <!-- Default suite -->
</testng-results>
